<?xml version="1.0" encoding="UTF-8"?>
<beans xmlns="http://www.springframework.org/schema/beans"
       xmlns:xsi="http://www.w3.org/2001/XMLSchema-instance"
       xsi:schemaLocation="http://www.springframework.org/schema/beans http://www.springframework.org/schema/beans/spring-beans.xsd">
    <bean id="jaxbMarshaller" class="org.springframework.oxm.jaxb.Jaxb2Marshaller">
        <property name="packagesToScan" value="lbtest.marshallable.*" />
    </bean>

    <bean id="httpClientParams" class="org.apache.commons.httpclient.params.HttpClientParams">
        <property name="authenticationPreemptive" value="true"/>
        <property name="connectionManagerClass"
                  value="org.apache.commons.httpclient.MultiThreadedHttpConnectionManager"/>
    </bean>
    <bean id="httpClient" class="org.apache.commons.httpclient.HttpClient">
        <constructor-arg ref="httpClientParams"/>
    </bean>
    <bean id="httpClientFactory" class="org.springframework.http.client.CommonsClientHttpRequestFactory">
        <constructor-arg ref="httpClient"/>
    </bean>

    <bean id="restTemplate" class="org.springframework.web.client.RestTemplate">
        <constructor-arg ref="httpClientFactory"/>

        <property name="messageConverters">
            <list>
                <bean class="org.springframework.http.converter.xml.MarshallingHttpMessageConverter">
                    <property name="marshaller" ref="jaxbMarshaller"/>
                    <property name="unmarshaller" ref="jaxbMarshaller"/>
                </bean>
                <bean class="org.springframework.http.converter.FormHttpMessageConverter"/>
            </list>
        </property>
    </bean>
</beans>